2025-02-21 10:27:05,041 TRACE org.example.factoryMethod.lib.MalaDireta - Estou aqui com LogBack TRACE!
2025-02-21 10:27:05,043 INFO  org.example.factoryMethod.lib.MalaDireta - Estou aqui com LogBack INFO!
2025-02-21 10:27:05,043 DEBUG org.example.factoryMethod.lib.MalaDireta - Estou aqui com LogBack DEBUG!
2025-02-21 10:27:05,043 WARN  org.example.factoryMethod.lib.MalaDireta - Estou aqui com LogBack WARN!
2025-02-21 10:27:05,044 ERROR org.example.factoryMethod.lib.MalaDireta - Estou aqui com LogBack ERROR!
2025-02-21 10:27:37,834 TRACE org.example.factoryMethod.lib.MalaDireta - Estou aqui com LogBack TRACE!
2025-02-21 10:27:37,835 INFO  org.example.factoryMethod.lib.MalaDireta - Estou aqui com LogBack INFO!
2025-02-21 10:27:37,835 DEBUG org.example.factoryMethod.lib.MalaDireta - Estou aqui com LogBack DEBUG!
2025-02-21 10:27:37,835 WARN  org.example.factoryMethod.lib.MalaDireta - Estou aqui com LogBack WARN!
2025-02-21 10:27:37,835 ERROR org.example.factoryMethod.lib.MalaDireta - Estou aqui com LogBack ERROR!
2025-02-21 10:28:08,817 TRACE org.example.factoryMethod.lib.MalaDireta - Estou aqui com LogBack TRACE!
2025-02-21 10:28:08,819 INFO  org.example.factoryMethod.lib.MalaDireta - Estou aqui com LogBack INFO!
2025-02-21 10:28:08,820 DEBUG org.example.factoryMethod.lib.MalaDireta - Estou aqui com LogBack DEBUG!
2025-02-21 10:28:08,820 WARN  org.example.factoryMethod.lib.MalaDireta - Estou aqui com LogBack WARN!
2025-02-21 10:28:08,820 ERROR org.example.factoryMethod.lib.MalaDireta - Estou aqui com LogBack ERROR!
2025-02-23 12:46:10,336 TRACE org.example.factoryMethod.lib.MalaDireta - Estou aqui com LogBack TRACE!
2025-02-23 12:46:10,338 INFO  org.example.factoryMethod.lib.MalaDireta - Estou aqui com LogBack INFO!
2025-02-23 12:46:10,338 DEBUG org.example.factoryMethod.lib.MalaDireta - Estou aqui com LogBack DEBUG!
2025-02-23 12:46:10,338 WARN  org.example.factoryMethod.lib.MalaDireta - Estou aqui com LogBack WARN!
2025-02-23 12:46:10,338 ERROR org.example.factoryMethod.lib.MalaDireta - Estou aqui com LogBack ERROR!
2025-02-23 12:46:26,025 TRACE org.example.factoryMethod.lib.MalaDireta - Estou aqui com LogBack TRACE!
2025-02-23 12:46:26,026 INFO  org.example.factoryMethod.lib.MalaDireta - Estou aqui com LogBack INFO!
2025-02-23 12:46:26,026 DEBUG org.example.factoryMethod.lib.MalaDireta - Estou aqui com LogBack DEBUG!
2025-02-23 12:46:26,026 WARN  org.example.factoryMethod.lib.MalaDireta - Estou aqui com LogBack WARN!
2025-02-23 12:46:26,026 ERROR org.example.factoryMethod.lib.MalaDireta - Estou aqui com LogBack ERROR!
2025-02-23 12:46:41,242 TRACE org.example.factoryMethod.lib.MalaDireta - Estou aqui com LogBack TRACE!
2025-02-23 12:46:41,243 INFO  org.example.factoryMethod.lib.MalaDireta - Estou aqui com LogBack INFO!
2025-02-23 12:46:41,243 DEBUG org.example.factoryMethod.lib.MalaDireta - Estou aqui com LogBack DEBUG!
2025-02-23 12:46:41,243 WARN  org.example.factoryMethod.lib.MalaDireta - Estou aqui com LogBack WARN!
2025-02-23 12:46:41,243 ERROR org.example.factoryMethod.lib.MalaDireta - Estou aqui com LogBack ERROR!
2025-02-23 12:48:14,544 TRACE org.example.factoryMethod.lib.MalaDireta - Estou aqui com LogBack TRACE!
2025-02-23 12:48:14,545 INFO  org.example.factoryMethod.lib.MalaDireta - Estou aqui com LogBack INFO!
2025-02-23 12:48:14,546 DEBUG org.example.factoryMethod.lib.MalaDireta - Estou aqui com LogBack DEBUG!
2025-02-23 12:48:14,546 WARN  org.example.factoryMethod.lib.MalaDireta - Estou aqui com LogBack WARN!
2025-02-23 12:48:14,546 ERROR org.example.factoryMethod.lib.MalaDireta - Estou aqui com LogBack ERROR!
2025-02-23 12:48:25,393 TRACE org.example.factoryMethod.lib.MalaDireta - Estou aqui com LogBack TRACE!
2025-02-23 12:48:25,394 INFO  org.example.factoryMethod.lib.MalaDireta - Estou aqui com LogBack INFO!
2025-02-23 12:48:25,395 DEBUG org.example.factoryMethod.lib.MalaDireta - Estou aqui com LogBack DEBUG!
2025-02-23 12:48:25,395 WARN  org.example.factoryMethod.lib.MalaDireta - Estou aqui com LogBack WARN!
2025-02-23 12:48:25,395 ERROR org.example.factoryMethod.lib.MalaDireta - Estou aqui com LogBack ERROR!
2025-02-23 12:48:53,849 TRACE org.example.factoryMethod.lib.MalaDireta - Estou aqui com LogBack TRACE!
2025-02-23 12:48:53,851 INFO  org.example.factoryMethod.lib.MalaDireta - Estou aqui com LogBack INFO!
2025-02-23 12:48:53,852 DEBUG org.example.factoryMethod.lib.MalaDireta - Estou aqui com LogBack DEBUG!
2025-02-23 12:48:53,852 WARN  org.example.factoryMethod.lib.MalaDireta - Estou aqui com LogBack WARN!
2025-02-23 12:48:53,852 ERROR org.example.factoryMethod.lib.MalaDireta - Estou aqui com LogBack ERROR!
2025-02-24 16:27:33,745 TRACE org.example.factoryMethod.lib.MalaDireta - Estou aqui com LogBack TRACE!
2025-02-24 16:27:33,747 INFO  org.example.factoryMethod.lib.MalaDireta - Estou aqui com LogBack INFO!
2025-02-24 16:27:33,748 DEBUG org.example.factoryMethod.lib.MalaDireta - Estou aqui com LogBack DEBUG!
2025-02-24 16:27:33,748 WARN  org.example.factoryMethod.lib.MalaDireta - Estou aqui com LogBack WARN!
2025-02-24 16:27:33,748 ERROR org.example.factoryMethod.lib.MalaDireta - Estou aqui com LogBack ERROR!
